INFO:__main__:BIC score of pruned graph: -966992.9256226101
INFO:__main__:The longest length of causal chain is: 1
INFO:__main__:The longest chain is: ['target_cve_score', 'target_cve_num']
INFO:__main__:The causal score computed from connections is: -4200755.94729463852024-11-14 12:00:34,000 - __main__ - INFO - BIC score of pruned graph: -144.11312278670005
2024-11-14 12:00:34,001 - __main__ - INFO - The longest length of causal chain is: 1
2024-11-14 12:00:34,001 - __main__ - INFO - The longest chain is: ['node_cve_exists', 'node_cve_score']
2024-11-14 12:00:34,002 - __main__ - INFO - The causal score computed from connections is: -83.73222625898417
2024-11-14 13:44:03,016 - __main__ - INFO - BIC score of pruned graph: 0
2024-11-14 13:44:03,016 - __main__ - INFO - The longest length of causal chain is: 0
2024-11-14 13:44:03,017 - __main__ - INFO - The longest chain is: None
2024-11-14 13:44:03,017 - __main__ - INFO - The causal score computed from connections is: -83.73222625898417
2024-11-14 13:51:46,809 - __main__ - INFO - BIC score of pruned graph: 0
2024-11-14 13:51:46,810 - __main__ - INFO - The longest length of causal chain is: 0
2024-11-14 13:51:46,810 - __main__ - INFO - The longest chain is: None
2024-11-14 13:51:46,810 - __main__ - INFO - The causal score computed from connections is: -83.73222625898417
2024-11-14 17:17:02,337 - __main__ - INFO - BIC score of pruned graph: 0
2024-11-14 17:17:02,337 - __main__ - INFO - The longest length of causal chain is: 0
2024-11-14 17:17:02,337 - __main__ - INFO - The longest chain is: None
2024-11-14 17:17:02,338 - __main__ - INFO - The causal score computed from connections is: -83.73222625898417
2024-11-14 19:04:16,242 - __main__ - INFO - BIC score of pruned graph: 0
2024-11-14 19:04:16,242 - __main__ - INFO - The longest length of causal chain is: 0
2024-11-14 19:04:16,242 - __main__ - INFO - The longest chain is: None
2024-11-14 19:04:16,243 - __main__ - INFO - The causal score computed from connections is: -83.73222625898417
2024-11-15 09:36:50,052 - __main__ - INFO - BIC score of pruned graph: -43.32144326725634
2024-11-15 09:36:50,052 - __main__ - INFO - The longest length of causal chain is: 1
2024-11-15 09:36:50,052 - __main__ - INFO - The longest chain is: ['source_cve_exists', 'source_cve_score']
2024-11-15 09:37:13,532 - __main__ - INFO - BIC score of pruned graph: -43.32144326725634
2024-11-15 09:37:13,533 - __main__ - INFO - The longest length of causal chain is: 1
2024-11-15 09:37:13,533 - __main__ - INFO - The longest chain is: ['source_cve_exists', 'source_cve_score']
2024-11-15 09:37:46,183 - __main__ - INFO - BIC score of pruned graph: -43.32144326725634
2024-11-15 09:37:46,183 - __main__ - INFO - The longest length of causal chain is: 1
2024-11-15 09:37:46,183 - __main__ - INFO - The longest chain is: ['source_cve_exists', 'source_cve_score']
2024-11-15 09:39:02,796 - __main__ - INFO - BIC score of pruned graph: -43.32144326725634
2024-11-15 09:39:02,796 - __main__ - INFO - The longest length of causal chain is: 1
2024-11-15 09:39:02,797 - __main__ - INFO - The longest chain is: ['source_cve_exists', 'source_cve_score']
2024-11-18 08:26:03,714 - __main__ - INFO - BIC score of pruned graph: -43.32144326725634
2024-11-18 08:26:03,714 - __main__ - INFO - The longest length of causal chain is: 1
2024-11-18 08:26:03,714 - __main__ - INFO - The longest chain is: ['source_cve_exists', 'source_cve_score']
2024-11-18 08:26:44,851 - __main__ - INFO - BIC score of pruned graph: -43.32144326725634
2024-11-18 08:26:44,851 - __main__ - INFO - The longest length of causal chain is: 1
2024-11-18 08:26:44,851 - __main__ - INFO - The longest chain is: ['source_cve_exists', 'source_cve_score']
2024-11-18 08:27:02,500 - __main__ - INFO - BIC score of pruned graph: -43.32144326725634
2024-11-18 08:27:02,500 - __main__ - INFO - The longest length of causal chain is: 1
2024-11-18 08:27:02,500 - __main__ - INFO - The longest chain is: ['source_cve_exists', 'source_cve_score']
2024-11-27 21:12:35,014 - __main__ - INFO - BIC score of pruned graph: -43.32144326725634
2024-11-27 21:12:35,014 - __main__ - INFO - The longest length of causal chain is: 1
2024-11-27 21:12:35,014 - __main__ - INFO - The longest chain is: ['source_cve_exists', 'source_cve_score']
2024-11-29 14:35:20,518 - __main__ - INFO - BIC score of pruned graph: -43.32144326725634
2024-11-29 14:35:20,519 - __main__ - INFO - The longest length of causal chain is: 1
2024-11-29 14:35:20,519 - __main__ - INFO - The longest chain is: ['source_cve_exists', 'source_cve_score']
2024-12-01 07:55:02,473 - __main__ - INFO - BIC score of pruned graph: -853611.9042896797
2024-12-01 07:55:02,475 - __main__ - INFO - Number of unique causal paths: 4
2024-12-01 07:57:22,013 - __main__ - INFO - BIC score of pruned graph: -853611.9042896797
2024-12-01 07:57:22,014 - __main__ - INFO - Number of unique causal paths: 4
2024-12-01 07:58:02,841 - __main__ - INFO - BIC score of pruned graph: -853611.9042896797
2024-12-01 07:58:02,843 - __main__ - INFO - Number of unique causal paths: 4
